2021-12-15 18:00:22 INFO  generalLogger:17 - application has started
2021-12-15 18:33:32 INFO  generalLogger:16 - application has started
2021-12-15 18:39:45 INFO  generalLogger:16 - application has started
2021-12-15 18:52:31 INFO  generalLogger:16 - application has started
2021-12-15 19:00:18 INFO  generalLogger:16 - application has started
2021-12-15 19:19:49 INFO  generalLogger:16 - application has started
2021-12-15 20:13:34 INFO  generalLogger:16 - application has started
2021-12-15 20:14:03 INFO  generalLogger:16 - application has started
2021-12-15 20:32:10 INFO  generalLogger:16 - application has started
2021-12-15 21:05:11 INFO  generalLogger:16 - application has started
2021-12-15 21:08:43 INFO  generalLogger:16 - application has started
2021-12-15 21:09:24 INFO  generalLogger:16 - application has started
2021-12-15 21:15:04 INFO  generalLogger:16 - application has started
2021-12-15 21:52:36 INFO  generalLogger:26 - application has started
2021-12-15 22:24:43 INFO  generalLogger:25 - application has started
2021-12-15 22:25:34 INFO  generalLogger:25 - application has started
2021-12-15 22:26:19 INFO  generalLogger:25 - application has started
2021-12-15 23:04:37 INFO  generalLogger:25 - application has started
2021-12-15 23:08:58 INFO  generalLogger:25 - application has started
2021-12-15 23:10:45 INFO  generalLogger:25 - application has started
2021-12-15 23:11:29 INFO  generalLogger:25 - application has started
2021-12-15 23:12:38 INFO  generalLogger:25 - application has started
2021-12-15 23:14:53 INFO  generalLogger:25 - application has started
2021-12-15 23:15:30 INFO  generalLogger:25 - application has started
2021-12-15 23:40:21 INFO  generalLogger:26 - application has started
2021-12-15 23:44:23 INFO  generalLogger:26 - application has started
2021-12-15 23:48:16 INFO  generalLogger:26 - application has started
2021-12-15 23:49:23 INFO  generalLogger:26 - application has started
2021-12-16 01:09:07 INFO  generalLogger:26 - application has started
2021-12-16 01:26:36 INFO  generalLogger:26 - application has started
2021-12-16 01:29:36 INFO  generalLogger:26 - application has started
2021-12-16 02:04:45 INFO  generalLogger:16 - application has started
2021-12-16 02:05:41 INFO  generalLogger:26 - application has started
2021-12-16 02:06:45 INFO  generalLogger:26 - application has started
2021-12-16 02:10:10 INFO  generalLogger:16 - application has started
2021-12-16 02:11:30 INFO  generalLogger:16 - application has started
2021-12-16 02:22:30 INFO  generalLogger:16 - application has started
2021-12-16 02:23:28 INFO  generalLogger:16 - application has started
2021-12-16 02:24:37 INFO  generalLogger:16 - application has started
2021-12-16 02:34:56 INFO  generalLogger:16 - application has started
2021-12-16 02:36:44 INFO  generalLogger:16 - application has started
2021-12-16 02:37:52 INFO  generalLogger:16 - application has started
2021-12-16 03:33:45 INFO  generalLogger:16 - application has started
2021-12-16 03:33:50 INFO  generalLogger:45 - viewMenu viewVansInStorageBtn clicked
2021-12-16 03:33:50 INFO  generalLogger:106 - makeMenuAction called withViewVansInStorageMenuItem
2021-12-16 03:33:56 INFO  generalLogger:49 - viewMenu viewCoffeeInStorageMenuItm clicked
2021-12-16 03:33:56 INFO  generalLogger:106 - makeMenuAction called withViewCoffeeInStorageMenuItem
2021-12-16 03:33:59 INFO  generalLogger:53 - viewMenu viewCoffeeInVanMenuItm clicked
2021-12-16 03:33:59 INFO  generalLogger:106 - makeMenuAction called withViewCoffeeInVanMenuItem
2021-12-16 03:37:29 INFO  generalLogger:16 - application has started
2021-12-16 03:37:32 INFO  generalLogger:45 - viewMenu viewVansInStorageBtn clicked
2021-12-16 03:37:32 INFO  generalLogger:106 - makeMenuAction called withViewVansInStorageMenuItem
2021-12-16 03:37:35 INFO  generalLogger:32 - application has stopped
2021-12-16 19:17:04 INFO  generalLogger:16 - application has started
2021-12-16 19:19:50 INFO  generalLogger:31 - application has stopped
2021-12-16 19:58:40 INFO  generalLogger:16 - application has started
2021-12-16 19:58:50 INFO  generalLogger:79 - sortAndFindMenu sortCoffeeInVanMenuItm clicked
2021-12-16 19:58:50 INFO  generalLogger:104 - makeMenuAction called withSortCoffeeInVanMenuItem
2021-12-16 20:14:41 INFO  generalLogger:16 - application has started
2021-12-16 20:14:46 INFO  generalLogger:33 - viewMenu viewVansInStorageBtn clicked
2021-12-16 20:14:46 INFO  generalLogger:94 - makeMenuAction called withViewVansInStorageMenuItem
2021-12-16 20:14:48 INFO  generalLogger:31 - application has stopped
2021-12-16 20:15:19 INFO  generalLogger:16 - application has started
2021-12-16 20:15:24 INFO  generalLogger:34 - viewMenu viewVansInStorageBtn clicked
2021-12-16 20:15:30 INFO  generalLogger:31 - application has stopped
2021-12-16 20:18:11 INFO  generalLogger:16 - application has started
2021-12-16 20:18:15 INFO  generalLogger:33 - viewMenu viewVansInStorageBtn clicked
2021-12-16 20:18:17 INFO  generalLogger:37 - viewMenu viewCoffeeInStorageMenuItm clicked
2021-12-16 20:18:17 INFO  generalLogger:94 - makeMenuAction called withViewCoffeeInStorageMenuItem
2021-12-16 20:18:20 INFO  generalLogger:31 - application has stopped
2021-12-16 20:20:57 INFO  generalLogger:16 - application has started
2021-12-16 20:21:03 INFO  generalLogger:34 - viewMenu viewVansInStorageBtn clicked
2021-12-16 20:21:06 INFO  generalLogger:38 - viewMenu viewCoffeeInStorageMenuItm clicked
2021-12-16 20:21:06 INFO  generalLogger:95 - makeMenuAction called withViewCoffeeInStorageMenuItem
2021-12-16 20:21:07 INFO  generalLogger:34 - viewMenu viewVansInStorageBtn clicked
2021-12-16 20:21:09 INFO  generalLogger:31 - application has stopped
2021-12-16 20:21:42 INFO  generalLogger:16 - application has started
2021-12-16 20:21:46 INFO  generalLogger:34 - viewMenu viewVansInStorageBtn clicked
2021-12-16 20:21:48 INFO  generalLogger:31 - application has stopped
2021-12-16 20:37:05 INFO  generalLogger:16 - application has started
2021-12-16 20:37:23 INFO  generalLogger:31 - application has stopped
2021-12-16 20:38:35 INFO  generalLogger:16 - application has started
2021-12-16 20:38:39 INFO  generalLogger:40 - viewMenu viewVansInStorageBtn clicked
2021-12-16 20:38:41 INFO  generalLogger:31 - application has stopped
2021-12-16 21:38:30 INFO  generalLogger:16 - application has started
2021-12-16 21:38:48 INFO  generalLogger:31 - application has stopped
2021-12-16 21:51:42 INFO  generalLogger:16 - application has started
2021-12-16 21:52:22 INFO  generalLogger:31 - application has stopped
2021-12-16 21:59:18 INFO  generalLogger:16 - application has started
2021-12-16 22:00:03 INFO  generalLogger:31 - application has stopped
2021-12-16 22:48:17 INFO  generalLogger:16 - application has started
2021-12-16 22:50:47 INFO  generalLogger:16 - application has started
2021-12-16 22:50:57 INFO  generalLogger:31 - application has stopped
2021-12-16 22:51:26 INFO  generalLogger:16 - application has started
2021-12-16 22:51:59 INFO  generalLogger:31 - application has stopped
2021-12-16 22:52:20 INFO  generalLogger:16 - application has started
2021-12-16 22:52:30 INFO  generalLogger:31 - application has stopped
2021-12-16 22:53:18 INFO  generalLogger:16 - application has started
2021-12-16 22:53:38 INFO  generalLogger:31 - application has stopped
2021-12-16 22:53:58 INFO  generalLogger:16 - application has started
2021-12-16 22:54:42 INFO  generalLogger:16 - application has started
2021-12-16 22:54:50 INFO  generalLogger:31 - application has stopped
2021-12-16 22:55:10 INFO  generalLogger:16 - application has started
2021-12-16 22:55:18 INFO  generalLogger:31 - application has stopped
2021-12-16 22:55:32 INFO  generalLogger:16 - application has started
2021-12-16 22:55:37 INFO  generalLogger:31 - application has stopped
2021-12-16 23:00:39 INFO  generalLogger:16 - application has started
2021-12-16 23:02:49 INFO  generalLogger:31 - application has stopped
2021-12-16 23:46:27 INFO  generalLogger:16 - application has started
2021-12-16 23:46:53 INFO  generalLogger:31 - application has stopped
2021-12-16 23:47:28 INFO  generalLogger:16 - application has started
2021-12-16 23:47:43 INFO  generalLogger:31 - application has stopped
2021-12-16 23:48:21 INFO  generalLogger:16 - application has started
2021-12-16 23:48:33 INFO  generalLogger:31 - application has stopped
2021-12-16 23:50:15 INFO  generalLogger:16 - application has started
2021-12-16 23:50:54 INFO  generalLogger:31 - application has stopped
2021-12-16 23:51:29 INFO  generalLogger:16 - application has started
2021-12-16 23:51:53 INFO  generalLogger:31 - application has stopped
2021-12-17 00:01:48 INFO  generalLogger:16 - application has started
2021-12-17 00:02:53 INFO  generalLogger:31 - application has stopped
2021-12-17 00:05:13 INFO  generalLogger:16 - application has started
2021-12-17 00:05:35 INFO  generalLogger:16 - application has started
2021-12-17 00:05:47 INFO  generalLogger:31 - application has stopped
2021-12-17 00:09:09 INFO  generalLogger:16 - application has started
2021-12-17 00:11:04 INFO  generalLogger:31 - application has stopped
2021-12-17 00:18:28 INFO  generalLogger:16 - application has started
2021-12-17 00:19:04 INFO  generalLogger:16 - application has started
2021-12-17 00:20:20 INFO  generalLogger:31 - application has stopped
2021-12-17 00:20:53 INFO  generalLogger:16 - application has started
2021-12-17 00:21:28 INFO  generalLogger:31 - application has stopped
2021-12-17 00:22:09 INFO  generalLogger:16 - application has started
2021-12-17 00:22:34 INFO  generalLogger:31 - application has stopped
2021-12-17 00:51:05 INFO  generalLogger:16 - application has started
2021-12-17 00:52:14 INFO  generalLogger:31 - application has stopped
2021-12-17 00:53:15 INFO  generalLogger:16 - application has started
2021-12-17 00:54:11 INFO  generalLogger:31 - application has stopped
2021-12-17 00:55:05 INFO  generalLogger:16 - application has started
2021-12-17 00:55:37 INFO  generalLogger:31 - application has stopped
2021-12-17 00:56:00 INFO  generalLogger:16 - application has started
2021-12-17 00:56:41 INFO  generalLogger:31 - application has stopped
2021-12-17 00:58:51 INFO  generalLogger:16 - application has started
2021-12-17 00:59:19 INFO  generalLogger:31 - application has stopped
2021-12-17 01:02:06 INFO  generalLogger:16 - application has started
2021-12-17 01:02:35 INFO  generalLogger:31 - application has stopped
2021-12-17 01:03:30 INFO  generalLogger:16 - application has started
2021-12-17 01:04:11 INFO  generalLogger:31 - application has stopped
2021-12-17 01:16:08 INFO  generalLogger:16 - application has started
2021-12-17 01:41:02 INFO  generalLogger:16 - application has started
2021-12-17 01:41:43 INFO  generalLogger:31 - application has stopped
2021-12-17 16:03:49 INFO  generalLogger:16 - application has started
2021-12-17 16:04:04 INFO  generalLogger:31 - application has stopped
2021-12-17 16:04:54 INFO  generalLogger:16 - application has started
2021-12-17 16:04:57 INFO  generalLogger:31 - application has stopped
2021-12-17 16:05:28 INFO  generalLogger:16 - application has started
2021-12-17 16:05:40 INFO  generalLogger:31 - application has stopped
2021-12-17 16:08:14 INFO  generalLogger:16 - application has started
2021-12-17 16:08:26 INFO  generalLogger:31 - application has stopped
2021-12-17 16:10:20 INFO  generalLogger:16 - application has started
2021-12-17 16:10:28 INFO  generalLogger:31 - application has stopped
2021-12-17 16:14:40 INFO  generalLogger:16 - application has started
2021-12-17 16:14:48 INFO  generalLogger:31 - application has stopped
2021-12-17 16:19:55 INFO  generalLogger:16 - application has started
2021-12-17 16:21:07 INFO  generalLogger:16 - application has started
2021-12-17 16:21:38 INFO  generalLogger:16 - application has started
2021-12-17 16:21:45 INFO  generalLogger:31 - application has stopped
2021-12-17 16:22:00 INFO  generalLogger:16 - application has started
2021-12-17 16:23:32 INFO  generalLogger:16 - application has started
2021-12-17 16:24:37 INFO  generalLogger:31 - application has stopped
2021-12-17 16:25:05 INFO  generalLogger:16 - application has started
2021-12-17 16:25:18 INFO  generalLogger:31 - application has stopped
2021-12-17 16:39:36 INFO  generalLogger:16 - application has started
2021-12-17 16:40:09 INFO  generalLogger:31 - application has stopped
2021-12-18 17:10:41 INFO  generalLogger:16 - application has started
2021-12-18 17:11:08 INFO  generalLogger:31 - application has stopped
2021-12-18 17:12:08 INFO  generalLogger:16 - application has started
2021-12-18 17:12:34 INFO  generalLogger:31 - application has stopped
2021-12-18 17:13:08 INFO  generalLogger:16 - application has started
2021-12-18 17:13:22 INFO  generalLogger:31 - application has stopped
2021-12-18 17:13:38 INFO  generalLogger:16 - application has started
2021-12-18 17:14:12 INFO  generalLogger:31 - application has stopped
2021-12-18 17:14:31 INFO  generalLogger:16 - application has started
2021-12-18 17:14:39 INFO  generalLogger:31 - application has stopped
2021-12-18 17:14:58 INFO  generalLogger:16 - application has started
2021-12-18 17:15:10 INFO  generalLogger:31 - application has stopped
2021-12-18 17:15:27 INFO  generalLogger:16 - application has started
2021-12-18 17:15:47 INFO  generalLogger:31 - application has stopped
2021-12-18 17:26:39 INFO  generalLogger:16 - application has started
2021-12-18 17:28:44 INFO  generalLogger:16 - application has started
2021-12-18 17:29:36 INFO  generalLogger:31 - application has stopped
2021-12-18 17:30:47 INFO  generalLogger:16 - application has started
2021-12-18 17:31:08 INFO  generalLogger:31 - application has stopped
2021-12-18 17:42:34 INFO  generalLogger:16 - application has started
2021-12-18 17:43:14 INFO  generalLogger:370 - new Coffee added to storage
2021-12-18 17:43:17 INFO  generalLogger:31 - application has stopped
2021-12-18 17:45:05 INFO  generalLogger:16 - application has started
2021-12-18 17:45:21 INFO  generalLogger:371 - new Coffee added to storage
2021-12-18 17:47:15 INFO  generalLogger:16 - application has started
2021-12-18 17:47:33 INFO  generalLogger:372 - new Coffee added to storage
2021-12-18 17:48:07 INFO  generalLogger:31 - application has stopped
2021-12-18 17:49:26 INFO  generalLogger:16 - application has started
2021-12-18 17:51:26 INFO  generalLogger:369 - new Coffee added to storage
2021-12-18 17:53:17 INFO  generalLogger:369 - new Coffee added to storage
2021-12-18 18:02:33 INFO  generalLogger:16 - application has started
2021-12-18 18:02:57 INFO  generalLogger:369 - new Coffee added to storage
2021-12-18 18:03:12 INFO  generalLogger:31 - application has stopped
2021-12-18 18:03:48 INFO  generalLogger:16 - application has started
2021-12-18 18:03:59 INFO  generalLogger:369 - new Coffee added to storage
2021-12-18 18:04:11 INFO  generalLogger:31 - application has stopped
2021-12-18 18:04:28 INFO  generalLogger:16 - application has started
2021-12-18 18:04:37 INFO  generalLogger:369 - new Coffee added to storage
2021-12-18 18:05:17 INFO  generalLogger:369 - new Coffee added to storage
2021-12-18 18:05:37 INFO  generalLogger:369 - new Coffee added to storage
2021-12-18 18:05:43 INFO  generalLogger:31 - application has stopped
2021-12-18 18:05:56 INFO  generalLogger:16 - application has started
2021-12-18 18:07:06 INFO  generalLogger:369 - new Coffee added to storage
2021-12-18 18:07:17 INFO  generalLogger:369 - new Coffee added to storage
2021-12-18 18:07:41 INFO  generalLogger:31 - application has stopped
2021-12-18 18:16:27 INFO  generalLogger:16 - application has started
2021-12-18 18:23:08 INFO  generalLogger:31 - application has stopped
2021-12-18 18:45:47 INFO  generalLogger:16 - application has started
2021-12-18 18:46:52 INFO  generalLogger:31 - application has stopped
2021-12-18 18:48:00 INFO  generalLogger:16 - application has started
2021-12-18 18:48:35 INFO  generalLogger:31 - application has stopped
2021-12-18 18:52:58 INFO  generalLogger:16 - application has started
2021-12-18 18:53:09 INFO  generalLogger:450 - new Coffee added to storage
2021-12-18 18:53:23 INFO  generalLogger:31 - application has stopped
2021-12-18 18:53:53 INFO  generalLogger:16 - application has started
2021-12-18 18:54:01 INFO  generalLogger:31 - application has stopped
2021-12-18 19:10:19 INFO  generalLogger:16 - application has started
2021-12-18 19:11:05 INFO  generalLogger:31 - application has stopped
2021-12-18 19:11:51 INFO  generalLogger:16 - application has started
2021-12-18 19:12:08 INFO  generalLogger:31 - application has stopped
2021-12-18 19:13:05 INFO  generalLogger:16 - application has started
2021-12-18 19:13:38 INFO  generalLogger:542 - new Coffee added to storage
2021-12-18 19:14:33 INFO  generalLogger:31 - application has stopped
2021-12-18 19:17:09 INFO  generalLogger:16 - application has started
2021-12-18 19:17:51 INFO  generalLogger:31 - application has stopped
2021-12-18 20:13:38 INFO  generalLogger:16 - application has started
2021-12-18 20:15:13 INFO  generalLogger:16 - application has started
2021-12-18 20:15:46 INFO  generalLogger:543 - new Coffee added to storage
2021-12-18 20:17:37 INFO  generalLogger:16 - application has started
2021-12-18 20:19:26 INFO  generalLogger:16 - application has started
2021-12-18 20:20:09 INFO  generalLogger:31 - application has stopped
2021-12-18 20:20:16 INFO  generalLogger:16 - application has started
2021-12-18 20:20:27 INFO  generalLogger:31 - application has stopped
2021-12-18 20:20:33 INFO  generalLogger:16 - application has started
2021-12-18 20:20:45 INFO  generalLogger:544 - new Coffee added to storage
2021-12-18 20:21:05 INFO  generalLogger:31 - application has stopped
2021-12-18 20:23:19 INFO  generalLogger:16 - application has started
2021-12-18 20:24:20 INFO  generalLogger:547 - new Coffee added to storage
2021-12-18 20:27:28 INFO  generalLogger:16 - application has started
2021-12-18 20:27:44 INFO  generalLogger:548 - new Coffee added to storage
2021-12-18 20:29:20 INFO  generalLogger:16 - application has started
2021-12-18 20:29:34 INFO  generalLogger:551 - new Coffee added to storage
2021-12-18 20:31:26 INFO  generalLogger:31 - application has stopped
2021-12-18 20:31:37 INFO  generalLogger:16 - application has started
2021-12-18 20:31:55 INFO  generalLogger:551 - new Coffee added to storage
2021-12-18 20:32:06 INFO  generalLogger:551 - new Coffee added to storage
2021-12-18 20:34:14 INFO  generalLogger:31 - application has stopped
2021-12-18 20:40:21 INFO  generalLogger:16 - application has started
2021-12-18 20:41:20 INFO  generalLogger:552 - new Coffee added to storage
2021-12-18 20:41:47 INFO  generalLogger:552 - new Coffee added to storage
2021-12-18 20:43:05 INFO  generalLogger:31 - application has stopped
2021-12-18 20:44:36 INFO  generalLogger:16 - application has started
2021-12-18 20:44:47 INFO  generalLogger:31 - application has stopped
2021-12-18 20:57:47 INFO  generalLogger:16 - application has started
2021-12-18 20:58:21 INFO  generalLogger:589 - new Coffee added to storage
2021-12-18 21:00:26 INFO  generalLogger:16 - application has started
2021-12-18 21:00:55 INFO  generalLogger:590 - new Coffee added to storage
2021-12-18 21:01:44 INFO  generalLogger:590 - new Coffee added to storage
2021-12-18 21:02:53 INFO  generalLogger:31 - application has stopped
2021-12-18 21:05:28 INFO  generalLogger:16 - application has started
2021-12-18 21:05:46 INFO  generalLogger:619 - new Coffee added to storage
2021-12-18 21:06:18 INFO  generalLogger:31 - application has stopped
2021-12-18 21:14:47 INFO  generalLogger:16 - application has started
2021-12-18 21:17:27 INFO  generalLogger:651 - new Coffee added to storage
2021-12-18 21:17:35 INFO  generalLogger:651 - new Coffee added to storage
2021-12-18 21:20:27 INFO  generalLogger:471 - button saveToFileBtn clicked
2021-12-18 21:20:27 INFO  generalLogger:472 - trying to save Coffee data to file
2021-12-18 21:20:27 INFO  generalLogger:487 - trying to save Vans data to file
2021-12-18 21:20:57 INFO  generalLogger:506 - button loadFromFileBtn clicked
2021-12-18 21:20:57 INFO  generalLogger:507 - trying to save Coffee data to file
2021-12-18 21:20:57 INFO  generalLogger:517 - trying to save Vans data to file
2021-12-18 21:21:06 INFO  generalLogger:506 - button loadFromFileBtn clicked
2021-12-18 21:21:06 INFO  generalLogger:507 - trying to save Coffee data to file
2021-12-18 21:21:06 INFO  generalLogger:517 - trying to save Vans data to file
2021-12-18 21:21:24 INFO  generalLogger:31 - application has stopped
2021-12-18 21:22:09 INFO  generalLogger:16 - application has started
2021-12-18 21:22:17 INFO  generalLogger:506 - button loadFromFileBtn clicked
2021-12-18 21:22:17 INFO  generalLogger:507 - trying to save Coffee data to file
2021-12-18 21:22:17 INFO  generalLogger:517 - trying to save Vans data to file
2021-12-18 21:22:30 INFO  generalLogger:506 - button loadFromFileBtn clicked
2021-12-18 21:22:30 INFO  generalLogger:507 - trying to save Coffee data to file
2021-12-18 21:22:30 INFO  generalLogger:517 - trying to save Vans data to file
2021-12-18 21:24:44 INFO  generalLogger:31 - application has stopped
2021-12-18 21:24:52 INFO  generalLogger:16 - application has started
2021-12-18 21:24:58 INFO  generalLogger:506 - button loadFromFileBtn clicked
2021-12-18 21:24:58 INFO  generalLogger:507 - trying to save Coffee data to file
2021-12-18 21:24:58 INFO  generalLogger:517 - trying to save Vans data to file
2021-12-18 21:25:05 INFO  generalLogger:31 - application has stopped
2021-12-18 21:27:24 INFO  generalLogger:16 - application has started
2021-12-18 21:27:47 INFO  generalLogger:651 - new Coffee added to storage
2021-12-18 21:27:54 INFO  generalLogger:651 - new Coffee added to storage
2021-12-18 21:28:03 INFO  generalLogger:471 - button saveToFileBtn clicked
2021-12-18 21:28:03 INFO  generalLogger:472 - trying to save Coffee data to file
2021-12-18 21:28:03 INFO  generalLogger:487 - trying to save Vans data to file
2021-12-18 21:28:08 INFO  generalLogger:31 - application has stopped
2021-12-18 21:30:21 INFO  generalLogger:16 - application has started
2021-12-18 21:30:26 INFO  generalLogger:471 - button saveToFileBtn clicked
2021-12-18 21:30:26 INFO  generalLogger:472 - trying to save Coffee data to file
2021-12-18 21:30:26 INFO  generalLogger:488 - trying to save Vans data to file
2021-12-18 21:30:29 INFO  generalLogger:31 - application has stopped
2021-12-18 21:38:59 INFO  generalLogger:16 - application has started
2021-12-18 21:39:16 INFO  generalLogger:667 - new Coffee added to storage
2021-12-18 21:39:24 INFO  generalLogger:667 - new Coffee added to storage
2021-12-18 21:39:32 INFO  generalLogger:31 - application has stopped
2021-12-18 21:45:52 INFO  generalLogger:16 - application has started
2021-12-18 21:49:35 INFO  generalLogger:16 - application has started
2021-12-18 21:49:48 INFO  generalLogger:31 - application has stopped
2021-12-18 21:55:22 INFO  generalLogger:16 - application has started
2021-12-18 21:55:38 INFO  generalLogger:31 - application has stopped
2021-12-18 21:56:06 INFO  generalLogger:16 - application has started
2021-12-18 21:56:11 INFO  generalLogger:31 - application has stopped
2021-12-18 22:00:12 INFO  generalLogger:16 - application has started
2021-12-18 22:00:21 INFO  generalLogger:31 - application has stopped
2021-12-18 22:05:01 INFO  generalLogger:16 - application has started
2021-12-18 22:05:09 INFO  generalLogger:31 - application has stopped
2021-12-18 22:12:24 INFO  generalLogger:16 - application has started
2021-12-18 22:12:31 INFO  generalLogger:31 - application has stopped
2021-12-18 22:14:23 INFO  generalLogger:16 - application has started
2021-12-18 22:14:35 INFO  generalLogger:472 - button saveToFileBtn clicked
2021-12-18 22:14:35 INFO  generalLogger:473 - trying to save Coffee data to file
2021-12-18 22:14:35 INFO  generalLogger:479 - Coffee data successfully saved
2021-12-18 22:14:35 INFO  generalLogger:488 - trying to save Vans data to file
2021-12-18 22:14:35 INFO  generalLogger:494 - Vans data successfully saved
2021-12-18 22:14:38 INFO  generalLogger:31 - application has stopped
2021-12-18 22:14:58 INFO  generalLogger:16 - application has started
2021-12-18 22:15:21 INFO  generalLogger:654 - new Coffee added to storage
2021-12-18 22:15:30 INFO  generalLogger:654 - new Coffee added to storage
2021-12-18 22:15:38 INFO  generalLogger:472 - button saveToFileBtn clicked
2021-12-18 22:15:38 INFO  generalLogger:473 - trying to save Coffee data to file
2021-12-18 22:15:38 INFO  generalLogger:479 - Coffee data successfully saved
2021-12-18 22:15:38 INFO  generalLogger:488 - trying to save Vans data to file
2021-12-18 22:15:38 INFO  generalLogger:494 - Vans data successfully saved
2021-12-18 22:15:40 INFO  generalLogger:31 - application has stopped
2021-12-18 22:21:00 INFO  generalLogger:16 - application has started
2021-12-18 22:21:05 INFO  generalLogger:509 - button loadFromFileBtn clicked
2021-12-18 22:21:05 INFO  generalLogger:510 - trying to load Coffee data from file
2021-12-18 22:21:05 INFO  generalLogger:516 - Coffee data successfully restored
2021-12-18 22:21:05 INFO  generalLogger:520 - trying to load Vans data from file
2021-12-18 22:21:05 INFO  generalLogger:525 - Vans data successfully restored
2021-12-18 22:21:28 INFO  generalLogger:31 - application has stopped
2021-12-18 22:30:25 INFO  generalLogger:14 - application has started
2021-12-18 22:30:30 INFO  generalLogger:509 - button loadFromFileBtn clicked
2021-12-18 22:30:30 INFO  generalLogger:510 - trying to load Coffee data from file
2021-12-18 22:30:30 INFO  generalLogger:516 - Coffee data successfully restored
2021-12-18 22:30:30 INFO  generalLogger:520 - trying to load Vans data from file
2021-12-18 22:31:11 INFO  generalLogger:654 - new Coffee added to storage
2021-12-18 22:31:15 INFO  generalLogger:472 - button saveToFileBtn clicked
2021-12-18 22:31:15 INFO  generalLogger:473 - trying to save Coffee data to file
2021-12-18 22:31:15 INFO  generalLogger:479 - Coffee data successfully saved
2021-12-18 22:31:15 INFO  generalLogger:488 - trying to save Vans data to file
2021-12-18 22:31:15 INFO  generalLogger:494 - Vans data successfully saved
2021-12-18 22:31:34 INFO  generalLogger:509 - button loadFromFileBtn clicked
2021-12-18 22:31:34 INFO  generalLogger:510 - trying to load Coffee data from file
2021-12-18 22:31:34 INFO  generalLogger:516 - Coffee data successfully restored
2021-12-18 22:31:34 INFO  generalLogger:520 - trying to load Vans data from file
2021-12-18 22:31:34 INFO  generalLogger:525 - Vans data successfully restored
2021-12-18 22:31:51 INFO  generalLogger:29 - application has stopped
2021-12-18 22:37:16 INFO  generalLogger:14 - application has started
2021-12-18 22:37:21 INFO  generalLogger:510 - button loadFromFileBtn clicked
2021-12-18 22:37:21 INFO  generalLogger:511 - trying to load Coffee data from file
2021-12-18 22:37:21 INFO  generalLogger:517 - Coffee data successfully restored
2021-12-18 22:37:21 INFO  generalLogger:521 - trying to load Vans data from file
2021-12-18 22:37:21 INFO  generalLogger:526 - Vans data successfully restored
2021-12-18 22:37:31 INFO  generalLogger:29 - application has stopped
2021-12-18 22:38:50 INFO  generalLogger:14 - application has started
2021-12-18 22:39:05 INFO  generalLogger:510 - button loadFromFileBtn clicked
2021-12-18 22:39:05 INFO  generalLogger:511 - trying to load Coffee data from file
2021-12-18 22:39:05 INFO  generalLogger:517 - Coffee data successfully restored
2021-12-18 22:39:05 INFO  generalLogger:521 - trying to load Vans data from file
2021-12-18 22:39:05 INFO  generalLogger:526 - Vans data successfully restored
2021-12-18 22:39:15 INFO  generalLogger:29 - application has stopped
2021-12-18 23:00:17 INFO  generalLogger:14 - application has started
2021-12-18 23:00:21 INFO  generalLogger:526 - loadFromFileBtn clicked
2021-12-18 23:00:21 INFO  generalLogger:527 - trying to load Coffee data from file
2021-12-18 23:00:21 INFO  generalLogger:533 - Coffee data successfully restored
2021-12-18 23:00:21 INFO  generalLogger:537 - trying to load Vans data from file
2021-12-18 23:00:21 INFO  generalLogger:542 - Vans data successfully restored
2021-12-18 23:00:21 INFO  generalLogger:548 - full data successfully restored
2021-12-18 23:00:24 INFO  generalLogger:42 - viewVansInStorageMenuItm clicked
2021-12-18 23:00:28 INFO  generalLogger:49 - viewCoffeeInStorageMenuItm clicked
2021-12-18 23:00:30 INFO  generalLogger:56 - viewCoffeeInVanMenuItm clicked
2021-12-18 23:00:34 INFO  generalLogger:212 - deleteVanFromStorageMenuItm clicked
2021-12-18 23:00:36 INFO  generalLogger:224 - van deleted
2021-12-18 23:00:38 INFO  generalLogger:239 - deleteCoffeeFromStorageMenuItm clicked
2021-12-18 23:00:39 INFO  generalLogger:251 - coffee deleted
2021-12-18 23:00:41 INFO  generalLogger:553 - exitBtn clicked
2021-12-18 23:00:41 INFO  generalLogger:29 - application has stopped
2021-12-19 00:26:44 INFO  generalLogger:14 - application has started
2021-12-19 01:20:48 INFO  generalLogger:14 - application has started
2021-12-19 01:20:49 INFO  generalLogger:29 - application has stopped
2021-12-19 01:22:24 INFO  generalLogger:14 - application has started
2021-12-19 01:22:24 INFO  generalLogger:29 - application has stopped
2021-12-19 01:23:05 INFO  generalLogger:14 - application has started
2021-12-19 01:23:19 INFO  generalLogger:50 - viewVansInStorageMenuItm clicked
2021-12-19 01:23:21 INFO  generalLogger:534 - loadFromFileBtn clicked
2021-12-19 01:23:21 INFO  generalLogger:535 - trying to load Coffee data from file
2021-12-19 01:23:21 INFO  generalLogger:541 - Coffee data successfully restored
2021-12-19 01:23:21 INFO  generalLogger:545 - trying to load Vans data from file
2021-12-19 01:23:21 INFO  generalLogger:550 - Vans data successfully restored
2021-12-19 01:23:21 INFO  generalLogger:556 - full data successfully restored
2021-12-19 01:23:24 INFO  generalLogger:57 - viewCoffeeInStorageMenuItm clicked
2021-12-19 01:23:30 INFO  generalLogger:29 - application has stopped
2021-12-19 01:24:37 INFO  generalLogger:14 - application has started
2021-12-19 01:24:47 INFO  generalLogger:29 - application has stopped
2021-12-19 01:25:35 INFO  generalLogger:14 - application has started
2021-12-19 01:25:46 INFO  generalLogger:534 - loadFromFileBtn clicked
2021-12-19 01:25:46 INFO  generalLogger:535 - trying to load Coffee data from file
2021-12-19 01:25:46 INFO  generalLogger:541 - Coffee data successfully restored
2021-12-19 01:25:46 INFO  generalLogger:545 - trying to load Vans data from file
2021-12-19 01:25:46 INFO  generalLogger:550 - Vans data successfully restored
2021-12-19 01:25:46 INFO  generalLogger:556 - full data successfully restored
2021-12-19 01:25:50 INFO  generalLogger:57 - viewCoffeeInStorageMenuItm clicked
2021-12-19 01:25:57 INFO  generalLogger:50 - viewVansInStorageMenuItm clicked
2021-12-19 01:26:07 INFO  generalLogger:98 - addVanToStorageMenuItm clicked
2021-12-19 01:26:12 INFO  generalLogger:141 - added new van
2021-12-19 01:26:16 INFO  generalLogger:29 - application has stopped
2021-12-19 01:27:34 INFO  generalLogger:14 - application has started
2021-12-19 01:27:47 INFO  generalLogger:29 - application has stopped
2021-12-19 01:28:18 INFO  generalLogger:14 - application has started
2021-12-19 01:28:31 INFO  generalLogger:534 - loadFromFileBtn clicked
2021-12-19 01:28:31 INFO  generalLogger:535 - trying to load Coffee data from file
2021-12-19 01:28:31 INFO  generalLogger:541 - Coffee data successfully restored
2021-12-19 01:28:31 INFO  generalLogger:545 - trying to load Vans data from file
2021-12-19 01:28:31 INFO  generalLogger:550 - Vans data successfully restored
2021-12-19 01:28:31 INFO  generalLogger:556 - full data successfully restored
2021-12-19 01:28:35 INFO  generalLogger:50 - viewVansInStorageMenuItm clicked
2021-12-19 01:28:38 INFO  generalLogger:29 - application has stopped
2021-12-19 01:30:32 INFO  generalLogger:14 - application has started
2021-12-19 01:30:51 INFO  generalLogger:29 - application has stopped
2021-12-19 01:31:06 INFO  generalLogger:14 - application has started
2021-12-19 01:31:38 INFO  generalLogger:29 - application has stopped
2021-12-19 01:31:56 INFO  generalLogger:14 - application has started
2021-12-19 01:32:04 INFO  generalLogger:29 - application has stopped
2021-12-19 01:32:36 INFO  generalLogger:14 - application has started
2021-12-19 01:32:57 INFO  generalLogger:534 - loadFromFileBtn clicked
2021-12-19 01:32:57 INFO  generalLogger:535 - trying to load Coffee data from file
2021-12-19 01:32:57 INFO  generalLogger:541 - Coffee data successfully restored
2021-12-19 01:32:57 INFO  generalLogger:545 - trying to load Vans data from file
2021-12-19 01:32:57 INFO  generalLogger:550 - Vans data successfully restored
2021-12-19 01:32:57 INFO  generalLogger:556 - full data successfully restored
2021-12-19 01:33:06 INFO  generalLogger:50 - viewVansInStorageMenuItm clicked
2021-12-19 01:34:12 INFO  generalLogger:29 - application has stopped
2021-12-19 01:34:25 INFO  generalLogger:14 - application has started
2021-12-19 01:34:33 INFO  generalLogger:29 - application has stopped
2021-12-19 01:35:09 INFO  generalLogger:14 - application has started
2021-12-19 01:35:16 INFO  generalLogger:29 - application has stopped
2021-12-19 01:36:15 INFO  generalLogger:14 - application has started
2021-12-19 01:36:29 INFO  generalLogger:50 - viewVansInStorageMenuItm clicked
2021-12-19 01:36:31 INFO  generalLogger:57 - viewCoffeeInStorageMenuItm clicked
2021-12-19 01:36:33 INFO  generalLogger:98 - addVanToStorageMenuItm clicked
2021-12-19 01:36:36 INFO  generalLogger:534 - loadFromFileBtn clicked
2021-12-19 01:36:36 INFO  generalLogger:535 - trying to load Coffee data from file
2021-12-19 01:36:36 INFO  generalLogger:541 - Coffee data successfully restored
2021-12-19 01:36:36 INFO  generalLogger:545 - trying to load Vans data from file
2021-12-19 01:36:36 INFO  generalLogger:550 - Vans data successfully restored
2021-12-19 01:36:36 INFO  generalLogger:556 - full data successfully restored
2021-12-19 01:36:42 INFO  generalLogger:50 - viewVansInStorageMenuItm clicked
2021-12-19 01:36:48 INFO  generalLogger:29 - application has stopped
2021-12-19 01:38:21 INFO  generalLogger:14 - application has started
2021-12-19 01:38:28 INFO  generalLogger:29 - application has stopped
2021-12-19 01:38:59 INFO  generalLogger:14 - application has started
2021-12-19 01:39:10 INFO  generalLogger:29 - application has stopped
2021-12-19 01:39:48 INFO  generalLogger:14 - application has started
2021-12-19 01:39:53 INFO  generalLogger:29 - application has stopped
2021-12-19 01:40:09 INFO  generalLogger:14 - application has started
2021-12-19 01:40:37 INFO  generalLogger:29 - application has stopped
2021-12-19 01:40:59 INFO  generalLogger:14 - application has started
2021-12-19 01:41:47 INFO  generalLogger:29 - application has stopped
2021-12-19 01:42:10 INFO  generalLogger:14 - application has started
2021-12-19 01:42:22 INFO  generalLogger:29 - application has stopped
2021-12-19 01:43:00 INFO  generalLogger:14 - application has started
2021-12-19 01:43:12 INFO  generalLogger:29 - application has stopped
2021-12-19 01:43:40 INFO  generalLogger:14 - application has started
2021-12-19 01:43:52 INFO  generalLogger:29 - application has stopped
2021-12-19 01:44:13 INFO  generalLogger:14 - application has started
2021-12-19 01:44:33 INFO  generalLogger:51 - viewVansInStorageMenuItm clicked
2021-12-19 01:44:35 INFO  generalLogger:535 - loadFromFileBtn clicked
2021-12-19 01:44:35 INFO  generalLogger:536 - trying to load Coffee data from file
2021-12-19 01:44:35 INFO  generalLogger:542 - Coffee data successfully restored
2021-12-19 01:44:35 INFO  generalLogger:546 - trying to load Vans data from file
2021-12-19 01:44:35 INFO  generalLogger:551 - Vans data successfully restored
2021-12-19 01:44:35 INFO  generalLogger:557 - full data successfully restored
2021-12-19 01:44:39 INFO  generalLogger:51 - viewVansInStorageMenuItm clicked
2021-12-19 01:44:43 INFO  generalLogger:58 - viewCoffeeInStorageMenuItm clicked
2021-12-19 01:44:45 INFO  generalLogger:65 - viewCoffeeInVanMenuItm clicked
2021-12-19 01:44:55 INFO  generalLogger:99 - addVanToStorageMenuItm clicked
2021-12-19 01:45:02 INFO  generalLogger:142 - added new van
2021-12-19 01:45:16 INFO  generalLogger:29 - application has stopped
2021-12-19 01:46:53 INFO  generalLogger:14 - application has started
2021-12-19 01:47:02 INFO  generalLogger:51 - viewVansInStorageMenuItm clicked
2021-12-19 01:47:04 INFO  generalLogger:535 - loadFromFileBtn clicked
2021-12-19 01:47:04 INFO  generalLogger:536 - trying to load Coffee data from file
2021-12-19 01:47:04 INFO  generalLogger:542 - Coffee data successfully restored
2021-12-19 01:47:04 INFO  generalLogger:546 - trying to load Vans data from file
2021-12-19 01:47:04 INFO  generalLogger:551 - Vans data successfully restored
2021-12-19 01:47:04 INFO  generalLogger:557 - full data successfully restored
2021-12-19 01:47:09 INFO  generalLogger:51 - viewVansInStorageMenuItm clicked
2021-12-19 01:48:34 INFO  generalLogger:29 - application has stopped
2021-12-19 01:48:46 INFO  generalLogger:14 - application has started
2021-12-19 01:49:15 INFO  generalLogger:535 - loadFromFileBtn clicked
2021-12-19 01:49:15 INFO  generalLogger:536 - trying to load Coffee data from file
2021-12-19 01:49:15 INFO  generalLogger:542 - Coffee data successfully restored
2021-12-19 01:49:15 INFO  generalLogger:546 - trying to load Vans data from file
2021-12-19 01:49:15 INFO  generalLogger:551 - Vans data successfully restored
2021-12-19 01:49:15 INFO  generalLogger:557 - full data successfully restored
2021-12-19 01:49:19 INFO  generalLogger:51 - viewVansInStorageMenuItm clicked
2021-12-19 01:49:24 INFO  generalLogger:58 - viewCoffeeInStorageMenuItm clicked
2021-12-19 01:49:54 INFO  generalLogger:99 - addVanToStorageMenuItm clicked
2021-12-19 01:50:27 INFO  generalLogger:29 - application has stopped
2021-12-19 01:50:42 INFO  generalLogger:14 - application has started
2021-12-19 01:51:06 INFO  generalLogger:535 - loadFromFileBtn clicked
2021-12-19 01:51:06 INFO  generalLogger:536 - trying to load Coffee data from file
2021-12-19 01:51:06 INFO  generalLogger:542 - Coffee data successfully restored
2021-12-19 01:51:06 INFO  generalLogger:546 - trying to load Vans data from file
2021-12-19 01:51:06 INFO  generalLogger:551 - Vans data successfully restored
2021-12-19 01:51:06 INFO  generalLogger:557 - full data successfully restored
2021-12-19 01:51:07 INFO  generalLogger:58 - viewCoffeeInStorageMenuItm clicked
2021-12-19 01:51:25 INFO  generalLogger:159 - addCoffeeToStorageMenuItm clicked
2021-12-19 01:51:30 INFO  generalLogger:99 - addVanToStorageMenuItm clicked
2021-12-19 01:51:48 INFO  generalLogger:159 - addCoffeeToStorageMenuItm clicked
2021-12-19 01:53:39 INFO  generalLogger:51 - viewVansInStorageMenuItm clicked
2021-12-19 01:55:57 INFO  generalLogger:14 - application has started
2021-12-19 01:56:01 INFO  generalLogger:535 - loadFromFileBtn clicked
2021-12-19 01:56:01 INFO  generalLogger:536 - trying to load Coffee data from file
2021-12-19 01:56:01 INFO  generalLogger:542 - Coffee data successfully restored
2021-12-19 01:56:01 INFO  generalLogger:546 - trying to load Vans data from file
2021-12-19 01:56:01 INFO  generalLogger:551 - Vans data successfully restored
2021-12-19 01:56:01 INFO  generalLogger:557 - full data successfully restored
2021-12-19 01:56:04 INFO  generalLogger:58 - viewCoffeeInStorageMenuItm clicked
2021-12-19 01:56:22 INFO  generalLogger:29 - application has stopped
2021-12-19 01:56:58 INFO  generalLogger:14 - application has started
2021-12-19 01:57:03 INFO  generalLogger:535 - loadFromFileBtn clicked
2021-12-19 01:57:03 INFO  generalLogger:536 - trying to load Coffee data from file
2021-12-19 01:57:03 INFO  generalLogger:542 - Coffee data successfully restored
2021-12-19 01:57:03 INFO  generalLogger:546 - trying to load Vans data from file
2021-12-19 01:57:03 INFO  generalLogger:551 - Vans data successfully restored
2021-12-19 01:57:03 INFO  generalLogger:557 - full data successfully restored
2021-12-19 01:57:06 INFO  generalLogger:58 - viewCoffeeInStorageMenuItm clicked
2021-12-19 02:00:36 INFO  generalLogger:14 - application has started
2021-12-19 02:00:40 INFO  generalLogger:535 - loadFromFileBtn clicked
2021-12-19 02:00:40 INFO  generalLogger:536 - trying to load Coffee data from file
2021-12-19 02:00:40 INFO  generalLogger:542 - Coffee data successfully restored
2021-12-19 02:00:40 INFO  generalLogger:546 - trying to load Vans data from file
2021-12-19 02:00:40 INFO  generalLogger:551 - Vans data successfully restored
2021-12-19 02:00:40 INFO  generalLogger:557 - full data successfully restored
2021-12-19 02:00:42 INFO  generalLogger:58 - viewCoffeeInStorageMenuItm clicked
2021-12-19 02:00:56 INFO  generalLogger:29 - application has stopped
2021-12-19 02:01:13 INFO  generalLogger:14 - application has started
2021-12-19 02:01:19 INFO  generalLogger:535 - loadFromFileBtn clicked
2021-12-19 02:01:19 INFO  generalLogger:536 - trying to load Coffee data from file
2021-12-19 02:01:19 INFO  generalLogger:542 - Coffee data successfully restored
2021-12-19 02:01:19 INFO  generalLogger:546 - trying to load Vans data from file
2021-12-19 02:01:19 INFO  generalLogger:551 - Vans data successfully restored
2021-12-19 02:01:19 INFO  generalLogger:557 - full data successfully restored
2021-12-19 02:01:22 INFO  generalLogger:58 - viewCoffeeInStorageMenuItm clicked
2021-12-19 02:01:59 INFO  generalLogger:14 - application has started
2021-12-19 02:02:06 INFO  generalLogger:535 - loadFromFileBtn clicked
2021-12-19 02:02:06 INFO  generalLogger:536 - trying to load Coffee data from file
2021-12-19 02:02:06 INFO  generalLogger:542 - Coffee data successfully restored
2021-12-19 02:02:06 INFO  generalLogger:546 - trying to load Vans data from file
2021-12-19 02:02:06 INFO  generalLogger:551 - Vans data successfully restored
2021-12-19 02:02:06 INFO  generalLogger:557 - full data successfully restored
2021-12-19 02:02:09 INFO  generalLogger:58 - viewCoffeeInStorageMenuItm clicked
2021-12-19 02:02:22 INFO  generalLogger:159 - addCoffeeToStorageMenuItm clicked
2021-12-19 02:02:28 INFO  generalLogger:687 - new Coffee added to storage
2021-12-19 02:02:32 INFO  generalLogger:159 - addCoffeeToStorageMenuItm clicked
2021-12-19 02:02:44 INFO  generalLogger:687 - new Coffee added to storage
2021-12-19 02:02:46 INFO  generalLogger:58 - viewCoffeeInStorageMenuItm clicked
2021-12-19 02:09:05 INFO  generalLogger:14 - application has started
2021-12-19 02:09:50 INFO  generalLogger:51 - viewVansInStorageMenuItm clicked
2021-12-19 02:09:52 INFO  generalLogger:58 - viewCoffeeInStorageMenuItm clicked
2021-12-19 02:09:54 INFO  generalLogger:535 - loadFromFileBtn clicked
2021-12-19 02:09:54 INFO  generalLogger:536 - trying to load Coffee data from file
2021-12-19 02:09:54 INFO  generalLogger:542 - Coffee data successfully restored
2021-12-19 02:09:54 INFO  generalLogger:546 - trying to load Vans data from file
2021-12-19 02:09:54 INFO  generalLogger:551 - Vans data successfully restored
2021-12-19 02:09:54 INFO  generalLogger:557 - full data successfully restored
2021-12-19 02:09:58 INFO  generalLogger:51 - viewVansInStorageMenuItm clicked
2021-12-19 02:10:02 INFO  generalLogger:58 - viewCoffeeInStorageMenuItm clicked
2021-12-19 02:10:06 INFO  generalLogger:65 - viewCoffeeInVanMenuItm clicked
2021-12-19 02:10:14 INFO  generalLogger:65 - viewCoffeeInVanMenuItm clicked
2021-12-19 02:10:26 INFO  generalLogger:99 - addVanToStorageMenuItm clicked
2021-12-19 02:10:36 INFO  generalLogger:142 - added new van
2021-12-19 02:10:38 INFO  generalLogger:159 - addCoffeeToStorageMenuItm clicked
2021-12-19 02:11:50 INFO  generalLogger:689 - new Coffee added to storage
2021-12-19 02:11:52 INFO  generalLogger:221 - deleteVanFromStorageMenuItm clicked
2021-12-19 02:11:58 INFO  generalLogger:233 - van deleted
2021-12-19 02:12:06 INFO  generalLogger:58 - viewCoffeeInStorageMenuItm clicked
2021-12-19 02:19:45 INFO  generalLogger:14 - application has started
2021-12-19 02:19:50 INFO  generalLogger:535 - loadFromFileBtn clicked
2021-12-19 02:19:50 INFO  generalLogger:536 - trying to load Coffee data from file
2021-12-19 02:19:50 INFO  generalLogger:542 - Coffee data successfully restored
2021-12-19 02:19:50 INFO  generalLogger:546 - trying to load Vans data from file
2021-12-19 02:19:50 INFO  generalLogger:551 - Vans data successfully restored
2021-12-19 02:19:50 INFO  generalLogger:557 - full data successfully restored
2021-12-19 02:19:54 INFO  generalLogger:159 - addCoffeeToStorageMenuItm clicked
2021-12-19 02:19:59 INFO  generalLogger:690 - new Coffee added to storage
2021-12-19 02:20:03 INFO  generalLogger:58 - viewCoffeeInStorageMenuItm clicked
2021-12-19 02:20:07 INFO  generalLogger:248 - deleteCoffeeFromStorageMenuItm clicked
2021-12-19 02:20:21 INFO  generalLogger:29 - application has stopped
2021-12-19 02:26:04 INFO  generalLogger:14 - application has started
2021-12-19 02:26:13 INFO  generalLogger:535 - loadFromFileBtn clicked
2021-12-19 02:26:13 INFO  generalLogger:536 - trying to load Coffee data from file
2021-12-19 02:26:13 INFO  generalLogger:542 - Coffee data successfully restored
2021-12-19 02:26:13 INFO  generalLogger:546 - trying to load Vans data from file
2021-12-19 02:26:13 INFO  generalLogger:551 - Vans data successfully restored
2021-12-19 02:26:13 INFO  generalLogger:557 - full data successfully restored
2021-12-19 02:26:16 INFO  generalLogger:248 - deleteCoffeeFromStorageMenuItm clicked
2021-12-19 02:26:23 INFO  generalLogger:51 - viewVansInStorageMenuItm clicked
2021-12-19 02:26:27 INFO  generalLogger:58 - viewCoffeeInStorageMenuItm clicked
2021-12-19 02:26:31 INFO  generalLogger:159 - addCoffeeToStorageMenuItm clicked
2021-12-19 02:26:36 INFO  generalLogger:689 - new Coffee added to storage
2021-12-19 02:26:39 INFO  generalLogger:58 - viewCoffeeInStorageMenuItm clicked
2021-12-19 02:26:56 INFO  generalLogger:51 - viewVansInStorageMenuItm clicked
2021-12-19 02:26:58 INFO  generalLogger:58 - viewCoffeeInStorageMenuItm clicked
2021-12-19 02:27:09 INFO  generalLogger:248 - deleteCoffeeFromStorageMenuItm clicked
2021-12-19 02:27:11 INFO  generalLogger:275 - transferCoffeeFromStorageToVanMenuItm clicked
2021-12-19 02:27:40 INFO  generalLogger:58 - viewCoffeeInStorageMenuItm clicked
2021-12-19 02:29:42 INFO  generalLogger:14 - application has started
2021-12-19 02:29:47 INFO  generalLogger:535 - loadFromFileBtn clicked
2021-12-19 02:29:47 INFO  generalLogger:536 - trying to load Coffee data from file
2021-12-19 02:29:47 INFO  generalLogger:542 - Coffee data successfully restored
2021-12-19 02:29:47 INFO  generalLogger:546 - trying to load Vans data from file
2021-12-19 02:29:47 INFO  generalLogger:551 - Vans data successfully restored
2021-12-19 02:29:47 INFO  generalLogger:557 - full data successfully restored
2021-12-19 02:29:50 INFO  generalLogger:58 - viewCoffeeInStorageMenuItm clicked
2021-12-19 02:30:02 INFO  generalLogger:159 - addCoffeeToStorageMenuItm clicked
2021-12-19 02:30:07 INFO  generalLogger:689 - new Coffee added to storage
2021-12-19 02:30:10 INFO  generalLogger:51 - viewVansInStorageMenuItm clicked
2021-12-19 02:30:15 INFO  generalLogger:58 - viewCoffeeInStorageMenuItm clicked
2021-12-19 02:31:17 INFO  generalLogger:14 - application has started
2021-12-19 02:31:22 INFO  generalLogger:535 - loadFromFileBtn clicked
2021-12-19 02:31:22 INFO  generalLogger:536 - trying to load Coffee data from file
2021-12-19 02:31:22 INFO  generalLogger:542 - Coffee data successfully restored
2021-12-19 02:31:22 INFO  generalLogger:546 - trying to load Vans data from file
2021-12-19 02:31:22 INFO  generalLogger:551 - Vans data successfully restored
2021-12-19 02:31:22 INFO  generalLogger:557 - full data successfully restored
2021-12-19 02:31:24 INFO  generalLogger:58 - viewCoffeeInStorageMenuItm clicked
2021-12-19 02:31:33 INFO  generalLogger:29 - application has stopped
2021-12-19 02:34:20 INFO  generalLogger:14 - application has started
2021-12-19 02:34:25 INFO  generalLogger:535 - loadFromFileBtn clicked
2021-12-19 02:34:25 INFO  generalLogger:536 - trying to load Coffee data from file
2021-12-19 02:34:25 INFO  generalLogger:542 - Coffee data successfully restored
2021-12-19 02:34:25 INFO  generalLogger:546 - trying to load Vans data from file
2021-12-19 02:34:25 INFO  generalLogger:551 - Vans data successfully restored
2021-12-19 02:34:25 INFO  generalLogger:557 - full data successfully restored
2021-12-19 02:34:26 INFO  generalLogger:65 - viewCoffeeInVanMenuItm clicked
2021-12-19 02:34:38 INFO  generalLogger:159 - addCoffeeToStorageMenuItm clicked
2021-12-19 02:34:43 INFO  generalLogger:689 - new Coffee added to storage
2021-12-19 02:34:45 INFO  generalLogger:58 - viewCoffeeInStorageMenuItm clicked
2021-12-19 02:34:54 INFO  generalLogger:29 - application has stopped
2021-12-19 02:36:03 INFO  generalLogger:14 - application has started
2021-12-19 02:36:08 INFO  generalLogger:535 - loadFromFileBtn clicked
2021-12-19 02:36:08 INFO  generalLogger:536 - trying to load Coffee data from file
2021-12-19 02:36:08 INFO  generalLogger:542 - Coffee data successfully restored
2021-12-19 02:36:08 INFO  generalLogger:546 - trying to load Vans data from file
2021-12-19 02:36:08 INFO  generalLogger:551 - Vans data successfully restored
2021-12-19 02:36:08 INFO  generalLogger:557 - full data successfully restored
2021-12-19 02:36:10 INFO  generalLogger:58 - viewCoffeeInStorageMenuItm clicked
2021-12-19 02:36:24 INFO  generalLogger:29 - application has stopped
2021-12-19 02:44:20 INFO  generalLogger:14 - application has started
2021-12-19 02:46:15 INFO  generalLogger:535 - loadFromFileBtn clicked
2021-12-19 02:46:15 INFO  generalLogger:536 - trying to load Coffee data from file
2021-12-19 02:46:15 INFO  generalLogger:542 - Coffee data successfully restored
2021-12-19 02:46:15 INFO  generalLogger:546 - trying to load Vans data from file
2021-12-19 02:46:15 INFO  generalLogger:551 - Vans data successfully restored
2021-12-19 02:46:15 INFO  generalLogger:557 - full data successfully restored
2021-12-19 02:46:17 INFO  generalLogger:51 - viewVansInStorageMenuItm clicked
2021-12-19 02:46:22 INFO  generalLogger:58 - viewCoffeeInStorageMenuItm clicked
2021-12-19 02:55:40 INFO  generalLogger:14 - application has started
2021-12-19 02:55:45 INFO  generalLogger:535 - loadFromFileBtn clicked
2021-12-19 02:55:45 INFO  generalLogger:536 - trying to load Coffee data from file
2021-12-19 02:55:45 INFO  generalLogger:542 - Coffee data successfully restored
2021-12-19 02:55:45 INFO  generalLogger:546 - trying to load Vans data from file
2021-12-19 02:55:45 INFO  generalLogger:551 - Vans data successfully restored
2021-12-19 02:55:45 INFO  generalLogger:557 - full data successfully restored
2021-12-19 02:55:49 INFO  generalLogger:58 - viewCoffeeInStorageMenuItm clicked
2021-12-19 02:55:54 INFO  generalLogger:51 - viewVansInStorageMenuItm clicked
2021-12-19 02:56:43 INFO  generalLogger:14 - application has started
2021-12-19 02:56:57 INFO  generalLogger:30 - application has stopped
2021-12-19 03:00:23 INFO  generalLogger:14 - application has started
2021-12-19 03:00:25 INFO  generalLogger:30 - application has stopped
2021-12-19 03:01:21 INFO  generalLogger:14 - application has started
2021-12-19 03:01:29 INFO  generalLogger:30 - application has stopped
2021-12-19 03:02:59 INFO  generalLogger:14 - application has started
2021-12-19 03:03:13 INFO  generalLogger:14 - application has started
2021-12-19 03:03:18 INFO  generalLogger:535 - loadFromFileBtn clicked
2021-12-19 03:03:18 INFO  generalLogger:536 - trying to load Coffee data from file
2021-12-19 03:03:18 INFO  generalLogger:542 - Coffee data successfully restored
2021-12-19 03:03:18 INFO  generalLogger:546 - trying to load Vans data from file
2021-12-19 03:03:18 INFO  generalLogger:551 - Vans data successfully restored
2021-12-19 03:03:18 INFO  generalLogger:557 - full data successfully restored
2021-12-19 03:03:20 INFO  generalLogger:58 - viewCoffeeInStorageMenuItm clicked
2021-12-19 03:03:26 INFO  generalLogger:99 - addVanToStorageMenuItm clicked
2021-12-19 03:03:28 INFO  generalLogger:58 - viewCoffeeInStorageMenuItm clicked
2021-12-19 03:03:30 INFO  generalLogger:51 - viewVansInStorageMenuItm clicked
2021-12-19 03:03:33 INFO  generalLogger:30 - application has stopped
2021-12-19 03:03:57 INFO  generalLogger:14 - application has started
2021-12-19 03:04:02 INFO  generalLogger:535 - loadFromFileBtn clicked
2021-12-19 03:04:02 INFO  generalLogger:536 - trying to load Coffee data from file
2021-12-19 03:04:02 INFO  generalLogger:542 - Coffee data successfully restored
2021-12-19 03:04:02 INFO  generalLogger:546 - trying to load Vans data from file
2021-12-19 03:04:02 INFO  generalLogger:551 - Vans data successfully restored
2021-12-19 03:04:02 INFO  generalLogger:557 - full data successfully restored
2021-12-19 03:04:03 INFO  generalLogger:58 - viewCoffeeInStorageMenuItm clicked
2021-12-19 03:04:10 INFO  generalLogger:159 - addCoffeeToStorageMenuItm clicked
2021-12-19 03:04:15 INFO  generalLogger:690 - new Coffee added to storage
2021-12-19 03:04:18 INFO  generalLogger:58 - viewCoffeeInStorageMenuItm clicked
2021-12-19 03:06:04 INFO  generalLogger:51 - viewVansInStorageMenuItm clicked
2021-12-19 03:06:07 INFO  generalLogger:58 - viewCoffeeInStorageMenuItm clicked
2021-12-19 03:06:24 INFO  generalLogger:30 - application has stopped
2021-12-19 03:07:36 INFO  generalLogger:14 - application has started
2021-12-19 03:08:26 INFO  generalLogger:14 - application has started
2021-12-19 03:08:32 INFO  generalLogger:496 - saveToFileBtn clicked
2021-12-19 03:08:32 INFO  generalLogger:497 - trying to save Coffee data to file
2021-12-19 03:08:32 INFO  generalLogger:503 - Coffee data successfully saved
2021-12-19 03:08:32 INFO  generalLogger:512 - trying to save Vans data to file
2021-12-19 03:08:32 INFO  generalLogger:518 - Vans data successfully saved
2021-12-19 03:08:32 INFO  generalLogger:529 - full data successfully saved
2021-12-19 03:08:35 INFO  generalLogger:534 - loadFromFileBtn clicked
2021-12-19 03:08:35 INFO  generalLogger:535 - trying to load Coffee data from file
2021-12-19 03:08:35 INFO  generalLogger:541 - Coffee data successfully restored
2021-12-19 03:08:35 INFO  generalLogger:545 - trying to load Vans data from file
2021-12-19 03:08:35 INFO  generalLogger:550 - Vans data successfully restored
2021-12-19 03:08:35 INFO  generalLogger:556 - full data successfully restored
2021-12-19 03:08:36 INFO  generalLogger:50 - viewVansInStorageMenuItm clicked
2021-12-19 03:08:38 INFO  generalLogger:98 - addVanToStorageMenuItm clicked
2021-12-19 03:08:45 INFO  generalLogger:141 - added new van
2021-12-19 03:08:48 INFO  generalLogger:50 - viewVansInStorageMenuItm clicked
2021-12-19 03:08:53 INFO  generalLogger:158 - addCoffeeToStorageMenuItm clicked
2021-12-19 03:09:05 INFO  generalLogger:689 - new Coffee added to storage
2021-12-19 03:09:08 INFO  generalLogger:57 - viewCoffeeInStorageMenuItm clicked
2021-12-19 03:10:25 INFO  generalLogger:14 - application has started
2021-12-19 03:10:46 INFO  generalLogger:29 - application has stopped
2021-12-19 03:10:59 INFO  generalLogger:14 - application has started
2021-12-19 03:11:35 INFO  generalLogger:29 - application has stopped
2021-12-19 03:11:45 INFO  generalLogger:14 - application has started
2021-12-19 03:11:52 INFO  generalLogger:534 - loadFromFileBtn clicked
2021-12-19 03:11:52 INFO  generalLogger:535 - trying to load Coffee data from file
2021-12-19 03:11:52 INFO  generalLogger:541 - Coffee data successfully restored
2021-12-19 03:11:52 INFO  generalLogger:545 - trying to load Vans data from file
2021-12-19 03:11:52 INFO  generalLogger:550 - Vans data successfully restored
2021-12-19 03:11:52 INFO  generalLogger:556 - full data successfully restored
2021-12-19 03:11:55 INFO  generalLogger:50 - viewVansInStorageMenuItm clicked
2021-12-19 03:11:58 INFO  generalLogger:98 - addVanToStorageMenuItm clicked
2021-12-19 03:12:04 INFO  generalLogger:141 - added new van
2021-12-19 03:12:05 INFO  generalLogger:158 - addCoffeeToStorageMenuItm clicked
2021-12-19 03:12:15 INFO  generalLogger:689 - new Coffee added to storage
2021-12-19 03:12:17 INFO  generalLogger:158 - addCoffeeToStorageMenuItm clicked
2021-12-19 03:12:22 INFO  generalLogger:689 - new Coffee added to storage
2021-12-19 03:12:24 INFO  generalLogger:274 - transferCoffeeFromStorageToVanMenuItm clicked
2021-12-19 03:12:30 INFO  generalLogger:299 - transferred Coffee From Storage To Van
2021-12-19 03:12:32 INFO  generalLogger:496 - saveToFileBtn clicked
2021-12-19 03:12:32 INFO  generalLogger:497 - trying to save Coffee data to file
2021-12-19 03:12:32 INFO  generalLogger:503 - Coffee data successfully saved
2021-12-19 03:12:32 INFO  generalLogger:512 - trying to save Vans data to file
2021-12-19 03:12:32 INFO  generalLogger:518 - Vans data successfully saved
2021-12-19 03:12:32 INFO  generalLogger:529 - full data successfully saved
2021-12-19 03:12:57 INFO  generalLogger:14 - application has started
2021-12-19 03:13:06 INFO  generalLogger:534 - loadFromFileBtn clicked
2021-12-19 03:13:06 INFO  generalLogger:535 - trying to load Coffee data from file
2021-12-19 03:13:06 INFO  generalLogger:541 - Coffee data successfully restored
2021-12-19 03:13:06 INFO  generalLogger:545 - trying to load Vans data from file
2021-12-19 03:13:06 INFO  generalLogger:550 - Vans data successfully restored
2021-12-19 03:13:06 INFO  generalLogger:556 - full data successfully restored
2021-12-19 03:13:11 INFO  generalLogger:57 - viewCoffeeInStorageMenuItm clicked
2021-12-19 03:13:42 INFO  generalLogger:14 - application has started
2021-12-19 03:13:53 INFO  generalLogger:534 - loadFromFileBtn clicked
2021-12-19 03:13:53 INFO  generalLogger:535 - trying to load Coffee data from file
2021-12-19 03:13:53 INFO  generalLogger:541 - Coffee data successfully restored
2021-12-19 03:13:53 INFO  generalLogger:545 - trying to load Vans data from file
2021-12-19 03:13:53 INFO  generalLogger:550 - Vans data successfully restored
2021-12-19 03:13:53 INFO  generalLogger:556 - full data successfully restored
2021-12-19 03:13:55 INFO  generalLogger:57 - viewCoffeeInStorageMenuItm clicked
2021-12-19 03:14:25 INFO  generalLogger:14 - application has started
2021-12-19 03:14:30 INFO  generalLogger:496 - saveToFileBtn clicked
2021-12-19 03:14:30 INFO  generalLogger:497 - trying to save Coffee data to file
2021-12-19 03:14:30 INFO  generalLogger:503 - Coffee data successfully saved
2021-12-19 03:14:30 INFO  generalLogger:512 - trying to save Vans data to file
2021-12-19 03:14:30 INFO  generalLogger:518 - Vans data successfully saved
2021-12-19 03:14:30 INFO  generalLogger:529 - full data successfully saved
2021-12-19 03:14:35 INFO  generalLogger:98 - addVanToStorageMenuItm clicked
2021-12-19 03:14:47 INFO  generalLogger:29 - application has stopped
2021-12-19 03:14:55 INFO  generalLogger:14 - application has started
2021-12-19 03:15:13 INFO  generalLogger:98 - addVanToStorageMenuItm clicked
2021-12-19 03:15:18 INFO  generalLogger:141 - added new van
2021-12-19 03:15:21 INFO  generalLogger:158 - addCoffeeToStorageMenuItm clicked
2021-12-19 03:15:28 INFO  generalLogger:689 - new Coffee added to storage
2021-12-19 03:15:30 INFO  generalLogger:158 - addCoffeeToStorageMenuItm clicked
2021-12-19 03:15:35 INFO  generalLogger:689 - new Coffee added to storage
2021-12-19 03:15:38 INFO  generalLogger:274 - transferCoffeeFromStorageToVanMenuItm clicked
2021-12-19 03:15:43 INFO  generalLogger:299 - transferred Coffee From Storage To Van
2021-12-19 03:15:48 INFO  generalLogger:496 - saveToFileBtn clicked
2021-12-19 03:15:48 INFO  generalLogger:497 - trying to save Coffee data to file
2021-12-19 03:15:48 INFO  generalLogger:503 - Coffee data successfully saved
2021-12-19 03:15:48 INFO  generalLogger:512 - trying to save Vans data to file
2021-12-19 03:15:48 INFO  generalLogger:518 - Vans data successfully saved
2021-12-19 03:15:48 INFO  generalLogger:529 - full data successfully saved
2021-12-19 03:15:53 INFO  generalLogger:561 - exitBtn clicked
2021-12-19 03:15:53 INFO  generalLogger:29 - application has stopped
2021-12-19 16:02:49 INFO  generalLogger:14 - application has started
2021-12-19 16:03:07 INFO  generalLogger:29 - application has stopped
2021-12-19 16:03:28 INFO  generalLogger:14 - application has started
2021-12-19 16:03:51 INFO  generalLogger:14 - application has started
2021-12-19 16:04:00 INFO  generalLogger:534 - loadFromFileBtn clicked
2021-12-19 16:04:00 INFO  generalLogger:535 - trying to load Coffee data from file
2021-12-19 16:04:00 INFO  generalLogger:541 - Coffee data successfully restored
2021-12-19 16:04:00 INFO  generalLogger:545 - trying to load Vans data from file
2021-12-19 16:04:00 INFO  generalLogger:550 - Vans data successfully restored
2021-12-19 16:04:00 INFO  generalLogger:556 - full data successfully restored
2021-12-19 16:04:02 INFO  generalLogger:98 - addVanToStorageMenuItm clicked
2021-12-19 16:09:35 INFO  generalLogger:14 - application has started
2021-12-19 16:09:47 INFO  generalLogger:29 - application has stopped
2021-12-19 16:10:11 INFO  generalLogger:14 - application has started
2021-12-19 16:10:29 INFO  generalLogger:534 - loadFromFileBtn clicked
2021-12-19 16:10:29 INFO  generalLogger:535 - trying to load Coffee data from file
2021-12-19 16:10:29 INFO  generalLogger:541 - Coffee data successfully restored
2021-12-19 16:10:29 INFO  generalLogger:545 - trying to load Vans data from file
2021-12-19 16:10:29 INFO  generalLogger:550 - Vans data successfully restored
2021-12-19 16:10:29 INFO  generalLogger:556 - full data successfully restored
2021-12-19 16:10:31 INFO  generalLogger:57 - viewCoffeeInStorageMenuItm clicked
